0 info it worked if it ends with ok
1 verbose cli [ 'C:\\Program Files\\nodejs\\node.exe',
1 verbose cli   'C:\\Program Files\\nodejs\\node_modules\\npm\\bin\\npm-cli.js',
1 verbose cli   'run',
1 verbose cli   'dev' ]
2 info using npm@3.10.10
3 info using node@v6.11.2
4 verbose run-script [ 'predev', 'dev', 'postdev' ]
5 info lifecycle mesVue05@1.0.0~predev: mesVue05@1.0.0
6 silly lifecycle mesVue05@1.0.0~predev: no script for predev, continuing
7 info lifecycle mesVue05@1.0.0~dev: mesVue05@1.0.0
8 verbose lifecycle mesVue05@1.0.0~dev: unsafe-perm in lifecycle true
9 verbose lifecycle mesVue05@1.0.0~dev: PATH: C:\Program Files\nodejs\node_modules\npm\bin\node-gyp-bin;D:\空白\就业班webStorm\vue\mesVue05\node_modules\.bin;C:\Windows\system32;C:\Windows;C:\Windows\System32\Wbem;C:\Windows\System32\WindowsPowerShell\v1.0\;C:\Program Files (x86)\Windows7Master;;D:\空白\前端工具\Git\cmd;C:\Program Files\nodejs\;C:\Program Files\MongoDB\Server\3.4\bin;C:\Users\Administrator\AppData\Roaming\npm
10 verbose lifecycle mesVue05@1.0.0~dev: CWD: D:\空白\就业班webStorm\vue\mesVue05
11 silly lifecycle mesVue05@1.0.0~dev: Args: [ '/d /s /c',
11 silly lifecycle   'webpack-dev-server --inline --hot --open --port 9999' ]
12 silly lifecycle mesVue05@1.0.0~dev: Returned: code: 1  signal: null
13 info lifecycle mesVue05@1.0.0~dev: Failed to exec dev script
14 verbose stack Error: mesVue05@1.0.0 dev: `webpack-dev-server --inline --hot --open --port 9999`
14 verbose stack Exit status 1
14 verbose stack     at EventEmitter.<anonymous> (C:\Program Files\nodejs\node_modules\npm\lib\utils\lifecycle.js:255:16)
14 verbose stack     at emitTwo (events.js:106:13)
14 verbose stack     at EventEmitter.emit (events.js:191:7)
14 verbose stack     at ChildProcess.<anonymous> (C:\Program Files\nodejs\node_modules\npm\lib\utils\spawn.js:40:14)
14 verbose stack     at emitTwo (events.js:106:13)
14 verbose stack     at ChildProcess.emit (events.js:191:7)
14 verbose stack     at maybeClose (internal/child_process.js:891:16)
14 verbose stack     at Process.ChildProcess._handle.onexit (internal/child_process.js:226:5)
15 verbose pkgid mesVue05@1.0.0
16 verbose cwd D:\空白\就业班webStorm\vue\mesVue05\src
17 error Windows_NT 6.1.7601
18 error argv "C:\\Program Files\\nodejs\\node.exe" "C:\\Program Files\\nodejs\\node_modules\\npm\\bin\\npm-cli.js" "run" "dev"
19 error node v6.11.2
20 error npm  v3.10.10
21 error code ELIFECYCLE
22 error mesVue05@1.0.0 dev: `webpack-dev-server --inline --hot --open --port 9999`
22 error Exit status 1
23 error Failed at the mesVue05@1.0.0 dev script 'webpack-dev-server --inline --hot --open --port 9999'.
23 error Make sure you have the latest version of node.js and npm installed.
23 error If you do, this is most likely a problem with the mesVue05 package,
23 error not with npm itself.
23 error Tell the author that this fails on your system:
23 error     webpack-dev-server --inline --hot --open --port 9999
23 error You can get information on how to open an issue for this project with:
23 error     npm bugs mesVue05
23 error Or if that isn't available, you can get their info via:
23 error     npm owner ls mesVue05
23 error There is likely additional logging output above.
24 verbose exit [ 1, true ]
